Arguments: 
  /Users/adigezalov/.nvm/versions/node/v16.16.0/bin/node /opt/homebrew/Cellar/yarn/1.22.17_2/libexec/bin/yarn.js

PATH: 
  /Users/adigezalov/.nvm/versions/node/v16.16.0/bin:/opt/homebrew/bin:/usr/local/bin:/System/Cryptexes/App/usr/bin:/usr/bin:/bin:/usr/sbin:/sbin:/usr/local/share/dotnet:~/.dotnet/tools:/Library/Apple/usr/bin:/Users/adigezalov/.cargo/bin:/Users/adigezalov/Library/Application Support/JetBrains/Toolbox/scripts:/Users/adigezalov/Library/Android/sdk/emulator:/Users/adigezalov/Library/Android/sdk/tools:/Users/adigezalov/Library/Android/sdk/tools/bin:/Users/adigezalov/Library/Android/sdk/platform-tools

Yarn version: 
  1.22.17

Node version: 
  16.16.0

Platform: 
  darwin arm64

Trace: 
  SyntaxError: /Users/adigezalov/projects/reactjs/package.json: Unexpected token , in JSON at position 1226
      at JSON.parse (<anonymous>)
      at /opt/homebrew/Cellar/yarn/1.22.17_2/libexec/lib/cli.js:1625:59
      at Generator.next (<anonymous>)
      at step (/opt/homebrew/Cellar/yarn/1.22.17_2/libexec/lib/cli.js:310:30)
      at /opt/homebrew/Cellar/yarn/1.22.17_2/libexec/lib/cli.js:321:13

npm manifest: 
  {
    "name": "reactjs",
    "version": "1.0.0",
    "main": "index.js",
    "repository": "https://gitlab.com/templates159/reactjs",
    "author": "Adigezalov Roman | adigezalov.roman@gmail.com",
    "license": "MIT",
    "scripts": {
      "dev": "webpack-dev-server --mode=development",
      "build": "webpack --mode=production"
    },
    "dependencies": {
      "react": "^18.2.0",
      "react-dom": "^18.2.0",
      "react-redux": "^8.0.2",
      "react-router-dom": "^6.3.0",
      "redux": "^4.2.0",
      "redux-saga": "^1.2.1"
    },
    "devDependencies": {
      "@babel/cli": "^7.18.10",
      "@babel/core": "^7.18.13",
      "@babel/preset-react": "^7.18.6",
      "@babel/preset-typescript": "^7.18.6",
      "@types/node": "^18.7.13",
      "@types/react": "^18.0.17",
      "@types/react-dom": "^18.0.6",
      "babel-loader": "^8.2.5",
      "css-loader": "^6.7.1",
      "dotenv-webpack": "^8.0.1",
      "file-loader": "^6.2.0",
      "html-webpack-plugin": "^5.5.0",
      "prettier": "^2.7.1",
      "resolve-url-loader": "^5.0.0",
      "sass": "^1.54.5",
      "sass-loader": "^13.0.2",
      "style-loader": "^3.3.1",
      "ts-loader": "^9.3.1",
      "typescript": "^4.7.4",
      "webpack": "^5.74.0",
      "webpack-cli": "^4.10.0",
      "webpack-dev-server": "^4.10.0"
    }
  },

yarn manifest: 
  No manifest

Lockfile: 
  No lockfile
